<?xml version="1.0" encoding="UTF-8"?>
<!-- Generated by org.testng.reporters.JUnitReportReporter -->
<testsuite hostname="DESKTOP-2TTEA4F" failures="0" tests="1" name="testScripts.ManageNewsTest" time="17.859" errors="0" timestamp="2024-12-21T10:28:31 IST" skipped="0">
  <testcase classname="testScripts.ManageNewsTest" name="verifyAddnNewManageNews" time="17.859"/>
</testsuite> <!-- testScripts.ManageNewsTest -->
