<?xml version="1.0" encoding="UTF-8"?>
<!-- Generated by org.testng.reporters.JUnitReportReporter -->
<testsuite hostname="DESKTOP-2TTEA4F" failures="0" tests="1" name="testScripts.AdminTest" time="10.856" errors="0" timestamp="2024-12-08T22:38:08 IST" skipped="0">
  <testcase classname="testScripts.AdminTest" name="adminUserisWrking" time="10.856"/>
</testsuite> <!-- testScripts.AdminTest -->
