<?xml version="1.0" encoding="UTF-8"?>
<!-- Generated by org.testng.reporters.JUnitReportReporter -->
<testsuite hostname="DESKTOP-2TTEA4F" failures="0" tests="1" name="testScripts.LogoutTest" time="12.233" errors="0" timestamp="2024-12-20T00:16:24 IST" skipped="0">
  <testcase classname="testScripts.LogoutTest" name="checkWhetherLogoutisWorking" time="12.233"/>
</testsuite> <!-- testScripts.LogoutTest -->
