<?xml version="1.0" encoding="UTF-8"?>
<!-- Generated by org.testng.reporters.JUnitReportReporter -->
<testsuite hostname="DESKTOP-2TTEA4F" failures="0" tests="1" name="testScripts.LoginTest" time="9.491" errors="0" timestamp="2024-12-09T11:07:52 IST" skipped="0">
  <testcase classname="testScripts.LoginTest" name="loginWrong2" time="9.491"/>
</testsuite> <!-- testScripts.LoginTest -->
