<?xml version="1.0" encoding="UTF-8"?>
<!-- Generated by org.testng.reporters.JUnitReportReporter -->
<testsuite hostname="DESKTOP-2TTEA4F" failures="0" tests="1" name="testScripts.FooterTextTest" time="12.571" errors="0" timestamp="2025-01-01T00:59:34 IST" skipped="0">
  <testcase classname="testScripts.FooterTextTest" name="checkWhetherUppdateFooterTextIsworking" time="12.571"/>
</testsuite> <!-- testScripts.FooterTextTest -->
