<?xml version="1.0" encoding="UTF-8"?>
<!-- Generated by org.testng.reporters.JUnitReportReporter -->
<testsuite hostname="DESKTOP-2TTEA4F" failures="0" tests="1" name="testScripts.FooterTextTest" time="27.890" errors="0" timestamp="2024-12-20T23:03:49 IST" skipped="0">
  <testcase classname="testScripts.FooterTextTest" name="checkWhetherisUppdateFooterTextworking" time="27.890"/>
</testsuite> <!-- testScripts.FooterTextTest -->
