<?xml version="1.0" encoding="UTF-8"?>
<!-- Generated by org.testng.reporters.JUnitReportReporter -->
<testsuite hostname="DESKTOP-2TTEA4F" failures="0" tests="1" name="testScripts.ManageContactTest" time="25.639" errors="0" timestamp="2024-12-20T23:00:22 IST" skipped="0">
  <testcase classname="testScripts.ManageContactTest" name="checkWhetherManageContactUpdateisWorking" time="25.639"/>
</testsuite> <!-- testScripts.ManageContactTest -->
