<?xml version="1.0" encoding="UTF-8"?>
<!-- Generated by org.testng.reporters.JUnitReportReporter -->
<testsuite hostname="DESKTOP-2TTEA4F" failures="0" tests="1" name="testScripts.ManageContactTest" time="19.848" errors="0" timestamp="2025-01-01T00:58:14 IST" skipped="0">
  <testcase classname="testScripts.ManageContactTest" name="checkWhetherManageContactUpdateisWorking" time="19.848"/>
</testsuite> <!-- testScripts.ManageContactTest -->
